0 info it worked if it ends with ok
1 verbose cli [ '/home/imteyaz/Documents/meetup/Angular2Springboot/spring-boot-angular2/node/node',
1 verbose cli   '/home/imteyaz/Documents/meetup/Angular2Springboot/spring-boot-angular2/node/node_modules/npm/bin/npm-cli.js',
1 verbose cli   'run',
1 verbose cli   'build' ]
2 info using npm@4.0.5
3 info using node@v7.4.0
4 verbose stack Error: ENOENT: no such file or directory, open '/home/imteyaz/Documents/meetup/Angular2Springboot/spring-boot-angular2/package.json'
5 verbose cwd /home/imteyaz/Documents/meetup/Angular2Springboot/spring-boot-angular2
6 error Linux 4.4.0-71-generic
7 error argv "/home/imteyaz/Documents/meetup/Angular2Springboot/spring-boot-angular2/node/node" "/home/imteyaz/Documents/meetup/Angular2Springboot/spring-boot-angular2/node/node_modules/npm/bin/npm-cli.js" "run" "build"
8 error node v7.4.0
9 error npm  v4.0.5
10 error path /home/imteyaz/Documents/meetup/Angular2Springboot/spring-boot-angular2/package.json
11 error code ENOENT
12 error errno -2
13 error syscall open
14 error enoent ENOENT: no such file or directory, open '/home/imteyaz/Documents/meetup/Angular2Springboot/spring-boot-angular2/package.json'
15 error enoent ENOENT: no such file or directory, open '/home/imteyaz/Documents/meetup/Angular2Springboot/spring-boot-angular2/package.json'
15 error enoent This is most likely not a problem with npm itself
15 error enoent and is related to npm not being able to find a file.
16 verbose exit [ -2, true ]
